<?xml version="1.0" encoding="UTF-8"?>
<!-- Generated by org.testng.reporters.JUnitXMLReporter -->
<testsuite hostname="LAPTOP-6J2R3I92" ignored="0" name="APITest" tests="3" failures="0" timestamp="21 Nov 2019 20:18:07 GMT" time="7.99" errors="0">
  <testcase name="verifyCreated" time="3.536" classname="com.pet.test.PetAcceptanceTest"/>
  <testcase name="verifyUpated" time="2.006" classname="com.pet.test.PetAcceptanceTest"/>
  <testcase name="verifyDeleted" time="2.428" classname="com.pet.test.PetAcceptanceTest"/>
</testsuite> <!-- APITest -->
