<?xml version="1.0" encoding="UTF-8"?>
<!-- Generated by org.testng.reporters.JUnitXMLReporter -->
<testsuite hostname="LAPTOP-6J2R3I92" ignored="0" name="Default test" tests="3" failures="0" timestamp="21 Nov 2019 20:15:38 GMT" time="6.102" errors="0">
  <testcase name="verifyCreated" time="3.153" classname="com.pet.test.PetAcceptanceTest"/>
  <testcase name="verifyUpated" time="1.397" classname="com.pet.test.PetAcceptanceTest"/>
  <testcase name="verifyDeleted" time="1.532" classname="com.pet.test.PetAcceptanceTest"/>
</testsuite> <!-- Default test -->
