<?xml version="1.0" encoding="UTF-8"?>
<testng-results skipped="0" failed="0" ignored="0" total="3" passed="3">
  <reporter-output>
  </reporter-output>
  <suite name="API Testing Suite" duration-ms="7990" started-at="2019-11-21T20:17:59Z" finished-at="2019-11-21T20:18:07Z">
    <groups>
    </groups>
    <test name="APITest" duration-ms="7990" started-at="2019-11-21T20:17:59Z" finished-at="2019-11-21T20:18:07Z">
      <class name="com.pet.test.PetAcceptanceTest">
        <test-method status="PASS" signature="setup()[pri:0, instance:com.pet.test.PetAcceptanceTest@73846619]" name="setup" is-config="true" duration-ms="373" started-at="2019-11-21T20:17:59Z" finished-at="2019-11-21T20:17:59Z">
          <reporter-output>
          </reporter-output>
        </test-method> <!-- setup -->
        <test-method status="PASS" signature="verifyCreated()[pri:1, instance:com.pet.test.PetAcceptanceTest@73846619]" name="verifyCreated" duration-ms="3536" started-at="2019-11-21T20:17:59Z" finished-at="2019-11-21T20:18:03Z">
          <reporter-output>
          </reporter-output>
        </test-method> <!-- verifyCreated -->
        <test-method status="PASS" signature="verifyUpated()[pri:2, instance:com.pet.test.PetAcceptanceTest@73846619]" name="verifyUpated" duration-ms="2006" started-at="2019-11-21T20:18:03Z" finished-at="2019-11-21T20:18:05Z">
          <reporter-output>
          </reporter-output>
        </test-method> <!-- verifyUpated -->
        <test-method status="PASS" signature="verifyDeleted()[pri:3, instance:com.pet.test.PetAcceptanceTest@73846619]" name="verifyDeleted" duration-ms="2428" started-at="2019-11-21T20:18:05Z" finished-at="2019-11-21T20:18:07Z">
          <reporter-output>
          </reporter-output>
        </test-method> <!-- verifyDeleted -->
      </class> <!-- com.pet.test.PetAcceptanceTest -->
    </test> <!-- APITest -->
  </suite> <!-- API Testing Suite -->
</testng-results>
